# JRE version: Java(TM) SE Runtime Environment (8.0_181-b13) (build 1.8.0_181-b13)
# Java VM: Java HotSpot(TM) 64-Bit Server VM (25.181-b13 mixed mode windows-amd64 compressed oops)
Heap:
 PSYoungGen      total 148992K, used 36708K [0x00000000d5580000, 0x00000000e1e00000, 0x0000000100000000)
  eden space 140288K, 19% used [0x00000000d5580000,0x00000000d70dd180,0x00000000dde80000)
  from space 8704K, 99% used [0x00000000dde80000,0x00000000de6fbe90,0x00000000de700000)
  to   space 11776K, 0% used [0x00000000e1280000,0x00000000e1298000,0x00000000e1e00000)
 ParOldGen       total 65024K, used 25814K [0x0000000080000000, 0x0000000083f80000, 0x00000000d5580000)
  object space 65024K, 39% used [0x0000000080000000,0x0000000081937930,0x0000000083f80000)
 Metaspace       used 30073K, capacity 31014K, committed 31104K, reserved 1081344K
  class space    used 3423K, capacity 3891K, committed 3968K, reserved 1048576K
GC Heap History (10 events):
Event: 7.273 GC heap after
Heap after GC invocations=10 (full 0):
 PSYoungGen      total 114688K, used 800K [0x00000000d5580000, 0x00000000dcf80000, 0x0000000100000000)
  eden space 105984K, 0% used [0x00000000d5580000,0x00000000d5580000,0x00000000dbd00000)
  from space 8704K, 9% used [0x00000000dc600000,0x00000000dc6c8000,0x00000000dce80000)
  to   space 9216K, 0% used [0x00000000dbd00000,0x00000000dbd00000,0x00000000dc600000)
 ParOldGen       total 87552K, used 16774K [0x0000000080000000, 0x0000000085580000, 0x00000000d5580000)
  object space 87552K, 19% used [0x0000000080000000,0x0000000081061a70,0x0000000085580000)
 Metaspace       used 20956K, capacity 21206K, committed 21296K, reserved 1069056K
  class space    used 2299K, capacity 2391K, committed 2432K, reserved 1048576K
}
Event: 7.273 GC heap before
{Heap before GC invocations=11 (full 1):
 PSYoungGen      total 114688K, used 800K [0x00000000d5580000, 0x00000000dcf80000, 0x0000000100000000)
  eden space 105984K, 0% used [0x00000000d5580000,0x00000000d5580000,0x00000000dbd00000)
  from space 8704K, 9% used [0x00000000dc600000,0x00000000dc6c8000,0x00000000dce80000)
  to   space 9216K, 0% used [0x00000000dbd00000,0x00000000dbd00000,0x00000000dc600000)
 ParOldGen       total 87552K, used 16774K [0x0000000080000000, 0x0000000085580000, 0x00000000d5580000)
  object space 87552K, 19% used [0x0000000080000000,0x0000000081061a70,0x0000000085580000)
 Metaspace       used 20956K, capacity 21206K, committed 21296K, reserved 1069056K
  class space    used 2299K, capacity 2391K, committed 2432K, reserved 1048576K
Event: 7.372 GC heap after
Heap after GC invocations=11 (full 1):
 PSYoungGen      total 114688K, used 0K [0x00000000d5580000, 0x00000000dcf80000, 0x0000000100000000)
  eden space 105984K, 0% used [0x00000000d5580000,0x00000000d5580000,0x00000000dbd00000)
  from space 8704K, 0% used [0x00000000dc600000,0x00000000dc600000,0x00000000dce80000)
  to   space 9216K, 0% used [0x00000000dbd00000,0x00000000dbd00000,0x00000000dc600000)
 ParOldGen       total 65024K, used 13565K [0x0000000080000000, 0x0000000083f80000, 0x00000000d5580000)
  object space 65024K, 20% used [0x0000000080000000,0x0000000080d3f7a8,0x0000000083f80000)
 Metaspace       used 20956K, capacity 21206K, committed 21296K, reserved 1069056K
  class space    used 2299K, capacity 2391K, committed 2432K, reserved 1048576K
}
Event: 9.122 GC heap before
{Heap before GC invocations=12 (full 1):
 PSYoungGen      total 114688K, used 105984K [0x00000000d5580000, 0x00000000dcf80000, 0x0000000100000000)
  eden space 105984K, 100% used [0x00000000d5580000,0x00000000dbd00000,0x00000000dbd00000)
  from space 8704K, 0% used [0x00000000dc600000,0x00000000dc600000,0x00000000dce80000)
  to   space 9216K, 0% used [0x00000000dbd00000,0x00000000dbd00000,0x00000000dc600000)
 ParOldGen       total 65024K, used 13565K [0x0000000080000000, 0x0000000083f80000, 0x00000000d5580000)
  object space 65024K, 20% used [0x0000000080000000,0x0000000080d3f7a8,0x0000000083f80000)
 Metaspace       used 22113K, capacity 22668K, committed 22832K, reserved 1069056K
  class space    used 2392K, capacity 2663K, committed 2688K, reserved 1048576K
Event: 9.131 GC heap after
Heap after GC invocations=12 (full 1):
 PSYoungGen      total 115200K, used 4608K [0x00000000d5580000, 0x00000000df280000, 0x0000000100000000)
  eden space 105984K, 0% used [0x00000000d5580000,0x00000000d5580000,0x00000000dbd00000)
  from space 9216K, 50% used [0x00000000dbd00000,0x00000000dc180020,0x00000000dc600000)
  to   space 9216K, 0% used [0x00000000de980000,0x00000000de980000,0x00000000df280000)
 ParOldGen       total 65024K, used 13573K [0x0000000080000000, 0x0000000083f80000, 0x00000000d5580000)
  object space 65024K, 20% used [0x0000000080000000,0x0000000080d417a8,0x0000000083f80000)
 Metaspace       used 22113K, capacity 22668K, committed 22832K, reserved 1069056K
  class space    used 2392K, capacity 2663K, committed 2688K, reserved 1048576K
}
Event: 10.814 GC heap before
{Heap before GC invocations=13 (full 1):
 PSYoungGen      total 115200K, used 110592K [0x00000000d5580000, 0x00000000df280000, 0x0000000100000000)
  eden space 105984K, 100% used [0x00000000d5580000,0x00000000dbd00000,0x00000000dbd00000)
  from space 9216K, 50% used [0x00000000dbd00000,0x00000000dc180020,0x00000000dc600000)
  to   space 9216K, 0% used [0x00000000de980000,0x00000000de980000,0x00000000df280000)
 ParOldGen       total 65024K, used 13573K [0x0000000080000000, 0x0000000083f80000, 0x00000000d5580000)
  object space 65024K, 20% used [0x0000000080000000,0x0000000080d417a8,0x0000000083f80000)
 Metaspace       used 23076K, capacity 23946K, committed 24192K, reserved 1071104K
  class space    used 2493K, capacity 2941K, committed 2944K, reserved 1048576K
Event: 10.830 GC heap after
Heap after GC invocations=13 (full 1):
 PSYoungGen      total 146432K, used 5152K [0x00000000d5580000, 0x00000000def80000, 0x0000000100000000)
  eden space 140288K, 0% used [0x00000000d5580000,0x00000000d5580000,0x00000000dde80000)
  from space 6144K, 83% used [0x00000000de980000,0x00000000dee88000,0x00000000def80000)
  to   space 8704K, 0% used [0x00000000dde80000,0x00000000dde80000,0x00000000de700000)
 ParOldGen       total 65024K, used 17925K [0x0000000080000000, 0x0000000083f80000, 0x00000000d5580000)
  object space 65024K, 27% used [0x0000000080000000,0x00000000811817e8,0x0000000083f80000)
 Metaspace       used 23076K, capacity 23946K, committed 24192K, reserved 1071104K
  class space    used 2493K, capacity 2941K, committed 2944K, reserved 1048576K
}
Event: 13.954 GC heap before
{Heap before GC invocations=14 (full 1):
 PSYoungGen      total 146432K, used 145440K [0x00000000d5580000, 0x00000000def80000, 0x0000000100000000)
  eden space 140288K, 100% used [0x00000000d5580000,0x00000000dde80000,0x00000000dde80000)
  from space 6144K, 83% used [0x00000000de980000,0x00000000dee88000,0x00000000def80000)
  to   space 8704K, 0% used [0x00000000dde80000,0x00000000dde80000,0x00000000de700000)
 ParOldGen       total 65024K, used 17925K [0x0000000080000000, 0x0000000083f80000, 0x00000000d5580000)
  object space 65024K, 27% used [0x0000000080000000,0x00000000811817e8,0x0000000083f80000)
 Metaspace       used 29947K, capacity 30938K, committed 31104K, reserved 1077248K
  class space    used 3408K, capacity 3885K, committed 3968K, reserved 1048576K
Event: 13.973 GC heap after
Heap after GC invocations=14 (full 1):
 PSYoungGen      total 148992K, used 8687K [0x00000000d5580000, 0x00000000e1e00000, 0x0000000100000000)
  eden space 140288K, 0% used [0x00000000d5580000,0x00000000d5580000,0x00000000dde80000)
  from space 8704K, 99% used [0x00000000dde80000,0x00000000de6fbe90,0x00000000de700000)
  to   space 11776K, 0% used [0x00000000e1280000,0x00000000e1280000,0x00000000e1e00000)
 ParOldGen       total 65024K, used 23270K [0x0000000080000000, 0x0000000083f80000, 0x00000000d5580000)
  object space 65024K, 35% used [0x0000000080000000,0x00000000816b9910,0x0000000083f80000)
 Metaspace       used 29947K, capacity 30938K, committed 31104K, reserved 1077248K
  class space    used 3408K, capacity 3885K, committed 3968K, reserved 1048576K
}
Event: 14.274 GC heap before
{Heap before GC invocations=15 (full 1):
 PSYoungGen      total 148992K, used 36708K [0x00000000d5580000, 0x00000000e1e00000, 0x0000000100000000)
  eden space 140288K, 19% used [0x00000000d5580000,0x00000000d70dd180,0x00000000dde80000)
  from space 8704K, 99% used [0x00000000dde80000,0x00000000de6fbe90,0x00000000de700000)
  to   space 11776K, 0% used [0x00000000e1280000,0x00000000e1280000,0x00000000e1e00000)
 ParOldGen       total 65024K, used 23270K [0x0000000080000000, 0x0000000083f80000, 0x00000000d5580000)
  object space 65024K, 35% used [0x0000000080000000,0x00000000816b9910,0x0000000083f80000)
 Metaspace       used 30073K, capacity 31014K, committed 31104K, reserved 1081344K
  class space    used 3423K, capacity 3891K, committed 3968K, reserved 1048576K

